20:52:13.787  265  DEBUG fr.sparna.rdf.xls2rdf.app.Convert - Will use output format : text/turtle
20:52:13.791  269  DEBUG fr.sparna.rdf.xls2rdf.app.Convert - Will use ModelWriter : fr.sparna.rdf.xls2rdf.OutputStreamModelWriter
20:52:14.268  746  DEBUG f.s.rdf.xls2rdf.Xls2RdfConverter - Processing sheet: Sheet1
20:52:14.272  750  INFO  f.sparna.rdf.xls2rdf.RdfizableSheet - Found proper property in header : http://purl.org/weave/
20:52:14.273  751  INFO  f.sparna.rdf.xls2rdf.RdfizableSheet - Found proper property in header : http://www.w3.org/2004/02/skos/core#
20:52:14.274  752  INFO  f.sparna.rdf.xls2rdf.RdfizableSheet - Found proper property in header : http://purl.org/pav/
20:52:14.275  753  INFO  f.sparna.rdf.xls2rdf.RdfizableSheet - Found proper property in header : http://purl.org/dc/terms/
20:52:14.277  755  ERROR f.s.rdf.xls2rdf.ColumnHeaderParser - Unsuccessfull parsing of header parameters for header 'Wind Energy ActiVitiEs (WEAVE)', Exception is java.lang.ArrayIndexOutOfBoundsException : Index 1 out of bounds for length 1
20:52:14.279  757  INFO  f.sparna.rdf.xls2rdf.RdfizableSheet - Found proper property in header : https://orcid.org/0000-0002-9381-9693
20:52:14.280  758  INFO  f.sparna.rdf.xls2rdf.RdfizableSheet - Found proper property in header : https://orcid.org/0000-0003-4124-9040
20:52:14.280  758  INFO  f.sparna.rdf.xls2rdf.RdfizableSheet - Found proper property in header : https://spdx.org/licenses/CC0-1.0
20:52:14.283  761  INFO  f.sparna.rdf.xls2rdf.RdfizableSheet - Found proper property in header : http://www.w3.org/2004/02/skos/core#prefLabel
20:52:14.283  761  INFO  f.sparna.rdf.xls2rdf.RdfizableSheet - Found proper property in header : http://www.w3.org/2004/02/skos/core#altLabel
20:52:14.283  761  INFO  f.sparna.rdf.xls2rdf.RdfizableSheet - Found proper property in header : http://www.w3.org/2004/02/skos/core#definition
20:52:14.283  761  INFO  f.sparna.rdf.xls2rdf.RdfizableSheet - Found proper property in header : http://purl.org/dc/terms/source
20:52:14.283  761  INFO  f.sparna.rdf.xls2rdf.RdfizableSheet - Found proper property in header : http://www.w3.org/2004/02/skos/core#broader
20:52:14.283  761  INFO  f.sparna.rdf.xls2rdf.RdfizableSheet - Found proper property in header : http://www.w3.org/2004/02/skos/core#exactMatch
20:52:14.284  762  INFO  f.sparna.rdf.xls2rdf.RdfizableSheet - Found proper property in header : http://www.w3.org/2004/02/skos/core#closeMatch
20:52:14.284  762  INFO  f.sparna.rdf.xls2rdf.RdfizableSheet - Found proper property in header : http://www.w3.org/2004/02/skos/core#editorialNote
20:52:14.284  762  INFO  f.sparna.rdf.xls2rdf.RdfizableSheet - Found proper property in header : http://purl.org/dc/terms/creator
20:52:14.284  762  INFO  f.sparna.rdf.xls2rdf.RdfizableSheet - Found at least 2 headers with proper property declaration in the first 10 columns, title row is at index 17
20:52:14.284  762  DEBUG f.s.rdf.xls2rdf.Xls2RdfConverter - Found title row at index 17
20:52:14.286  764  DEBUG f.s.rdf.xls2rdf.Xls2RdfConverter - Adding value on header object "Wind Energy ActiVitiEs (WEAVE)" with lang en
20:52:14.288  766  DEBUG f.s.rdf.xls2rdf.Xls2RdfConverter - Adding value on header object "WEAVE" with lang en
20:52:14.288  766  DEBUG f.s.rdf.xls2rdf.Xls2RdfConverter - Adding value on header object "A classification of activities in which data are produced" with lang en
20:52:14.288  766  DEBUG f.s.rdf.xls2rdf.Xls2RdfConverter - Adding value on header object "https://orcid.org/0000-0002-9381-9693" with lang en
20:52:14.289  767  DEBUG f.s.rdf.xls2rdf.Xls2RdfConverter - Adding value on header object "https://orcid.org/0000-0003-4124-9040" with lang en
20:52:14.289  767  DEBUG f.s.rdf.xls2rdf.Xls2RdfConverter - Adding value on header object "https://spdx.org/licenses/CC0-1.0" with lang en
20:52:14.289  767  DEBUG f.s.rdf.xls2rdf.Xls2RdfConverter - Adding value on header object "0.1.0" with lang en
20:52:14.289  767  DEBUG f.s.rdf.xls2rdf.Xls2RdfConverter - Adding value on header object "2017-09-01T12:00+02:00" with lang en
20:52:14.289  767  DEBUG f.s.rdf.xls2rdf.Xls2RdfConverter - Adding value on header object "2021-10-01T12:00+02:00" with lang en
20:52:14.290  768  ERROR f.s.rdf.xls2rdf.ColumnHeaderParser - Unsuccessfull parsing of header parameters for header 'Definition of terms (optionally properties)', Exception is java.lang.ArrayIndexOutOfBoundsException : Index 1 out of bounds for length 1
20:52:14.290  768  DEBUG f.s.rdf.xls2rdf.Xls2RdfConverter - Converting data with these column headers: 
20:52:14.290  768  DEBUG f.s.rdf.xls2rdf.Xls2RdfConverter - ColumnHeader [originalValue=Identifier, language=Optional.empty, datatype=Optional.empty, property=null, declaredProperty=Identifier, inverse=false, parameters={}, id=null, reconcileOn=null, headerCell=Identifier]
20:52:14.291  769  DEBUG f.s.rdf.xls2rdf.Xls2RdfConverter - ColumnHeader [originalValue=skos:prefLabel@en, language=Optional[en], datatype=Optional.empty, property=http://www.w3.org/2004/02/skos/core#prefLabel, declaredProperty=skos:prefLabel, inverse=false, parameters={}, id=null, reconcileOn=null, headerCell=skos:prefLabel@en]
20:52:14.291  769  DEBUG f.s.rdf.xls2rdf.Xls2RdfConverter - ColumnHeader [originalValue=skos:altLabel(separator=";"), language=Optional.empty, datatype=Optional.empty, property=http://www.w3.org/2004/02/skos/core#altLabel, declaredProperty=skos:altLabel, inverse=false, parameters={separator=;}, id=null, reconcileOn=null, headerCell=skos:altLabel(separator=";")]
20:52:14.291  769  DEBUG f.s.rdf.xls2rdf.Xls2RdfConverter - ColumnHeader [originalValue=skos:definition@en, language=Optional[en], datatype=Optional.empty, property=http://www.w3.org/2004/02/skos/core#definition, declaredProperty=skos:definition, inverse=false, parameters={}, id=null, reconcileOn=null, headerCell=skos:definition@en]
20:52:14.291  769  DEBUG f.s.rdf.xls2rdf.Xls2RdfConverter - ColumnHeader [originalValue=dct:source(separator=","), language=Optional.empty, datatype=Optional.empty, property=http://purl.org/dc/terms/source, declaredProperty=dct:source, inverse=false, parameters={separator=,}, id=null, reconcileOn=null, headerCell=dct:source(separator=",")]
20:52:14.291  769  DEBUG f.s.rdf.xls2rdf.Xls2RdfConverter - ColumnHeader [originalValue=skos:broader(separator=","), language=Optional.empty, datatype=Optional.empty, property=http://www.w3.org/2004/02/skos/core#broader, declaredProperty=skos:broader, inverse=false, parameters={separator=,}, id=null, reconcileOn=null, headerCell=skos:broader(separator=",")]
20:52:14.292  770  DEBUG f.s.rdf.xls2rdf.Xls2RdfConverter - ColumnHeader [originalValue=skos:exactMatch(separator=","), language=Optional.empty, datatype=Optional.empty, property=http://www.w3.org/2004/02/skos/core#exactMatch, declaredProperty=skos:exactMatch, inverse=false, parameters={separator=,}, id=null, reconcileOn=null, headerCell=skos:exactMatch(separator=",")]
20:52:14.292  770  DEBUG f.s.rdf.xls2rdf.Xls2RdfConverter - ColumnHeader [originalValue=skos:closeMatch(separator=","), language=Optional.empty, datatype=Optional.empty, property=http://www.w3.org/2004/02/skos/core#closeMatch, declaredProperty=skos:closeMatch, inverse=false, parameters={separator=,}, id=null, reconcileOn=null, headerCell=skos:closeMatch(separator=",")]
20:52:14.292  770  DEBUG f.s.rdf.xls2rdf.Xls2RdfConverter - ColumnHeader [originalValue=skos:editorialNote@en, language=Optional[en], datatype=Optional.empty, property=http://www.w3.org/2004/02/skos/core#editorialNote, declaredProperty=skos:editorialNote, inverse=false, parameters={}, id=null, reconcileOn=null, headerCell=skos:editorialNote@en]
20:52:14.292  770  DEBUG f.s.rdf.xls2rdf.Xls2RdfConverter - ColumnHeader [originalValue=dct:creator(separator=","), language=Optional.empty, datatype=Optional.empty, property=http://purl.org/dc/terms/creator, declaredProperty=dct:creator, inverse=false, parameters={separator=,}, id=null, reconcileOn=null, headerCell=dct:creator(separator=",")]
20:52:14.292  770  DEBUG f.s.rdf.xls2rdf.Xls2RdfConverter - ColumnHeader [originalValue=dct:contributor(separator=","), language=Optional.empty, datatype=Optional.empty, property=http://purl.org/dc/terms/contributor, declaredProperty=dct:contributor, inverse=false, parameters={separator=,}, id=null, reconcileOn=null, headerCell=dct:contributor(separator=",")]
20:52:14.292  770  INFO  f.s.rdf.xls2rdf.Xls2RdfConverter - Converting rows...
20:52:14.312  790  INFO  f.s.rdf.xls2rdf.Xls2RdfConverter - Applying SKOS post-processings on the result
20:52:14.312  790  DEBUG f.s.rdf.xls2rdf.SkosPostProcessor - Postprocessing : SkosPostProcessor
20:52:14.313  791  DEBUG f.s.rdf.xls2rdf.SkosPostProcessor - Considering main resource like a ConceptScheme.
20:52:14.315  793  DEBUG f.s.rdf.xls2rdf.SkosPostProcessor - Adding inverse skos:broader and skos:narrower
20:52:14.317  795  DEBUG f.s.rdf.xls2rdf.SkosPostProcessor - Adding skos:inScheme
20:52:14.318  796  DEBUG f.s.rdf.xls2rdf.SkosPostProcessor - Setting rdf:type skos:ConceptScheme to main resource
20:52:14.318  796  DEBUG f.s.rdf.xls2rdf.SkosPostProcessor - Adding skos:hasTopConcept / skos:topConceptOf
20:52:14.320  798  DEBUG f.s.rdf.xls2rdf.Xls2RdfConverter - Saving graph of 104 statements generated from Sheet Sheet1
